nohup: ignoring input
==> Preparing data..
==> Building model..

Epoch: 0
Iteration 0, train_order_acc = 42.18750,train_family_acc = 35.20132,train_species_acc = 30.10817, train_loss = 7.037402
Iteration 0,  test_order_acc = 36.62861,test_family_acc = 43.29928,test_species_acc = 37.19952, test_loss = 6.697666
max_val_acc == 37.19951923076923

Epoch: 1
Iteration 1, train_order_acc = 67.80349,train_family_acc = 63.86719,train_species_acc = 59.58534, train_loss = 3.599679
Iteration 1,  test_order_acc = 68.62981,test_family_acc = 61.56851,test_species_acc = 56.12981, test_loss = 3.705772
max_val_acc == 56.12980769230769

Epoch: 2
Iteration 2, train_order_acc = 77.95974,train_family_acc = 75.04507,train_species_acc = 70.44772, train_loss = 2.431381
Iteration 2,  test_order_acc = 75.15024,test_family_acc = 68.29928,test_species_acc = 64.36298, test_loss = 3.083393
max_val_acc == 64.36298076923077

Epoch: 3
Iteration 3, train_order_acc = 83.90925,train_family_acc = 82.55709,train_species_acc = 78.24519, train_loss = 1.724912
Iteration 3,  test_order_acc = 77.10337,test_family_acc = 74.72957,test_species_acc = 70.91346, test_loss = 2.705219
max_val_acc == 70.91346153846153

Epoch: 4
Iteration 4, train_order_acc = 87.28966,train_family_acc = 86.92909,train_species_acc = 83.33834, train_loss = 1.289430
Iteration 4,  test_order_acc = 80.49880,test_family_acc = 78.21514,test_species_acc = 73.31731, test_loss = 2.366426
max_val_acc == 73.3173076923077

Epoch: 5
Iteration 5, train_order_acc = 89.43810,train_family_acc = 89.48317,train_species_acc = 86.41827, train_loss = 1.040121
Iteration 5,  test_order_acc = 81.34014,test_family_acc = 77.34375,test_species_acc = 73.79808, test_loss = 2.516021
max_val_acc == 73.79807692307692

Epoch: 6
Iteration 6, train_order_acc = 92.47296,train_family_acc = 91.76683,train_species_acc = 89.31791, train_loss = 0.790594
Iteration 6,  test_order_acc = 84.19471,test_family_acc = 77.52404,test_species_acc = 74.00841, test_loss = 2.373031
max_val_acc == 74.00841346153847

Epoch: 7
Iteration 7, train_order_acc = 94.06550,train_family_acc = 94.32091,train_species_acc = 92.54808, train_loss = 0.567560
Iteration 7,  test_order_acc = 83.65385,test_family_acc = 81.46034,test_species_acc = 75.81130, test_loss = 2.215632
max_val_acc == 75.81129807692308

Epoch: 8
Iteration 8, train_order_acc = 96.15385,train_family_acc = 95.46274,train_species_acc = 93.55469, train_loss = 0.459853
Iteration 8,  test_order_acc = 84.37500,test_family_acc = 80.76923,test_species_acc = 78.21514, test_loss = 2.228454
max_val_acc == 78.21514423076923

Epoch: 9
Iteration 9, train_order_acc = 96.09375,train_family_acc = 96.60457,train_species_acc = 94.98197, train_loss = 0.387628
Iteration 9,  test_order_acc = 86.89904,test_family_acc = 83.05288,test_species_acc = 79.86779, test_loss = 1.977204
max_val_acc == 79.86778846153847

Epoch: 10
Iteration 10, train_order_acc = 97.35577,train_family_acc = 96.51442,train_species_acc = 96.00361, train_loss = 0.321961
Iteration 10,  test_order_acc = 84.16466,test_family_acc = 81.40024,test_species_acc = 79.20673, test_loss = 2.225451
max_val_acc == 79.86778846153847

Epoch: 11
Iteration 11, train_order_acc = 97.53606,train_family_acc = 97.62620,train_species_acc = 96.58954, train_loss = 0.276688
Iteration 11,  test_order_acc = 88.01082,test_family_acc = 84.88582,test_species_acc = 80.88942, test_loss = 1.817001
max_val_acc == 80.88942307692308

Epoch: 12
Iteration 12, train_order_acc = 98.07692,train_family_acc = 98.42248,train_species_acc = 97.89663, train_loss = 0.195252
Iteration 12,  test_order_acc = 88.22115,test_family_acc = 85.60697,test_species_acc = 82.66226, test_loss = 1.682854
max_val_acc == 82.66225961538461

Epoch: 13
Iteration 13, train_order_acc = 98.78305,train_family_acc = 98.85817,train_species_acc = 98.46755, train_loss = 0.141695
Iteration 13,  test_order_acc = 89.87380,test_family_acc = 86.89904,test_species_acc = 83.02284, test_loss = 1.653038
max_val_acc == 83.02283653846153

Epoch: 14
Iteration 14, train_order_acc = 99.29387,train_family_acc = 99.39904,train_species_acc = 98.91827, train_loss = 0.099741
Iteration 14,  test_order_acc = 89.06250,test_family_acc = 86.83894,test_species_acc = 83.20312, test_loss = 1.600812
max_val_acc == 83.203125

Epoch: 15
Iteration 15, train_order_acc = 99.36899,train_family_acc = 99.38401,train_species_acc = 99.02344, train_loss = 0.098175
Iteration 15,  test_order_acc = 90.20433,test_family_acc = 87.50000,test_species_acc = 84.43510, test_loss = 1.504435
max_val_acc == 84.43509615384616

Epoch: 16
Iteration 16, train_order_acc = 99.48918,train_family_acc = 99.42909,train_species_acc = 99.26382, train_loss = 0.079563
Iteration 16,  test_order_acc = 89.87380,test_family_acc = 87.53005,test_species_acc = 83.65385, test_loss = 1.530990
max_val_acc == 84.43509615384616

Epoch: 17
Iteration 17, train_order_acc = 99.60938,train_family_acc = 99.69952,train_species_acc = 99.56430, train_loss = 0.067324
Iteration 17,  test_order_acc = 90.80529,test_family_acc = 88.91226,test_species_acc = 85.72716, test_loss = 1.374422
max_val_acc == 85.72716346153847

Epoch: 18
Iteration 18, train_order_acc = 99.78966,train_family_acc = 99.95493,train_species_acc = 99.75962, train_loss = 0.040992
Iteration 18,  test_order_acc = 91.55649,test_family_acc = 89.09255,test_species_acc = 85.93750, test_loss = 1.309189
max_val_acc == 85.9375

Epoch: 19
Iteration 19, train_order_acc = 99.90986,train_family_acc = 99.93990,train_species_acc = 99.74459, train_loss = 0.037432
Iteration 19,  test_order_acc = 91.31611,test_family_acc = 89.42308,test_species_acc = 85.84736, test_loss = 1.325493
max_val_acc == 85.9375

Epoch: 20
Iteration 20, train_order_acc = 99.98498,train_family_acc = 99.98498,train_species_acc = 99.96995, train_loss = 0.026502
Iteration 20,  test_order_acc = 91.64663,test_family_acc = 89.75361,test_species_acc = 86.59856, test_loss = 1.251931
max_val_acc == 86.5985576923077

Epoch: 21
Iteration 21, train_order_acc = 99.96995,train_family_acc = 99.98498,train_species_acc = 99.95493, train_loss = 0.027684
Iteration 21,  test_order_acc = 92.18750,test_family_acc = 90.11418,test_species_acc = 87.16947, test_loss = 1.224238
max_val_acc == 87.16947115384616

Epoch: 22
Iteration 22, train_order_acc = 99.96995,train_family_acc = 100.00000,train_species_acc = 99.90986, train_loss = 0.027313
Iteration 22,  test_order_acc = 91.94712,test_family_acc = 89.84375,test_species_acc = 86.98918, test_loss = 1.213354
max_val_acc == 87.16947115384616

Epoch: 23
Iteration 23, train_order_acc = 99.93990,train_family_acc = 99.98498,train_species_acc = 99.90986, train_loss = 0.027356
Iteration 23,  test_order_acc = 92.12740,test_family_acc = 90.05409,test_species_acc = 86.47837, test_loss = 1.223665
max_val_acc == 87.16947115384616

Epoch: 24
Iteration 24, train_order_acc = 99.96995,train_family_acc = 100.00000,train_species_acc = 100.00000, train_loss = 0.026750
Iteration 24,  test_order_acc = 92.27764,test_family_acc = 90.08413,test_species_acc = 87.46995, test_loss = 1.198220
max_val_acc == 87.46995192307692

Epoch: 25
Iteration 25, train_order_acc = 99.96995,train_family_acc = 100.00000,train_species_acc = 100.00000, train_loss = 0.024048
Iteration 25,  test_order_acc = 92.03726,test_family_acc = 89.90385,test_species_acc = 87.50000, test_loss = 1.177666
max_val_acc == 87.5

Epoch: 26
Iteration 26, train_order_acc = 99.98498,train_family_acc = 99.98498,train_species_acc = 99.95493, train_loss = 0.024141
Iteration 26,  test_order_acc = 92.15745,test_family_acc = 90.44471,test_species_acc = 87.83053, test_loss = 1.159302
max_val_acc == 87.83052884615384

Epoch: 27
Iteration 27, train_order_acc = 100.00000,train_family_acc = 100.00000,train_species_acc = 99.98498, train_loss = 0.023679
Iteration 27,  test_order_acc = 92.63822,test_family_acc = 90.41466,test_species_acc = 87.68029, test_loss = 1.176504
max_val_acc == 87.83052884615384

Epoch: 28
Iteration 28, train_order_acc = 99.95493,train_family_acc = 100.00000,train_species_acc = 99.98498, train_loss = 0.024271
Iteration 28,  test_order_acc = 92.24760,test_family_acc = 90.44471,test_species_acc = 87.89062, test_loss = 1.146009
max_val_acc == 87.890625

Epoch: 29
Iteration 29, train_order_acc = 100.00000,train_family_acc = 100.00000,train_species_acc = 100.00000, train_loss = 0.022791
Iteration 29,  test_order_acc = 92.69832,test_family_acc = 90.50481,test_species_acc = 87.92067, test_loss = 1.147181
max_val_acc == 87.92067307692308

Epoch: 30
Iteration 30, train_order_acc = 99.98498,train_family_acc = 100.00000,train_species_acc = 100.00000, train_loss = 0.021981
Iteration 30,  test_order_acc = 92.90865,test_family_acc = 90.41466,test_species_acc = 87.80048, test_loss = 1.150477
max_val_acc == 87.92067307692308

Epoch: 31
Iteration 31, train_order_acc = 100.00000,train_family_acc = 100.00000,train_species_acc = 100.00000, train_loss = 0.021262
Iteration 31,  test_order_acc = 92.75841,test_family_acc = 90.59495,test_species_acc = 88.19111, test_loss = 1.137019
max_val_acc == 88.19110576923077

Epoch: 32
Iteration 32, train_order_acc = 99.98498,train_family_acc = 100.00000,train_species_acc = 100.00000, train_loss = 0.021293
Iteration 32,  test_order_acc = 92.36779,test_family_acc = 90.35457,test_species_acc = 87.80048, test_loss = 1.144448
max_val_acc == 88.19110576923077

Epoch: 33
Iteration 33, train_order_acc = 100.00000,train_family_acc = 100.00000,train_species_acc = 99.98498, train_loss = 0.022344
Iteration 33,  test_order_acc = 92.72837,test_family_acc = 90.56490,test_species_acc = 87.71034, test_loss = 1.135523
max_val_acc == 88.19110576923077

Epoch: 34
Iteration 34, train_order_acc = 100.00000,train_family_acc = 99.96995,train_species_acc = 99.96995, train_loss = 0.022678
Iteration 34,  test_order_acc = 92.93870,test_family_acc = 90.83534,test_species_acc = 87.98077, test_loss = 1.133465
max_val_acc == 88.19110576923077

Epoch: 35
Iteration 35, train_order_acc = 100.00000,train_family_acc = 100.00000,train_species_acc = 100.00000, train_loss = 0.021174
Iteration 35,  test_order_acc = 92.81851,test_family_acc = 90.65505,test_species_acc = 88.19111, test_loss = 1.133493
max_val_acc == 88.19110576923077

Epoch: 36
Iteration 36, train_order_acc = 100.00000,train_family_acc = 100.00000,train_species_acc = 100.00000, train_loss = 0.021582
Iteration 36,  test_order_acc = 92.84856,test_family_acc = 90.71514,test_species_acc = 88.01082, test_loss = 1.137803
max_val_acc == 88.19110576923077

Epoch: 37
Iteration 37, train_order_acc = 100.00000,train_family_acc = 100.00000,train_species_acc = 100.00000, train_loss = 0.021136
Iteration 37,  test_order_acc = 92.75841,test_family_acc = 90.62500,test_species_acc = 87.89062, test_loss = 1.136703
max_val_acc == 88.19110576923077

Epoch: 38
Iteration 38, train_order_acc = 100.00000,train_family_acc = 100.00000,train_species_acc = 100.00000, train_loss = 0.020494
Iteration 38,  test_order_acc = 93.05889,test_family_acc = 90.92548,test_species_acc = 88.28125, test_loss = 1.121503
max_val_acc == 88.28125

Epoch: 39
Iteration 39, train_order_acc = 99.98498,train_family_acc = 100.00000,train_species_acc = 100.00000, train_loss = 0.019961
Iteration 39,  test_order_acc = 92.99880,test_family_acc = 90.77524,test_species_acc = 87.92067, test_loss = 1.127360
max_val_acc == 88.28125

Epoch: 40
Iteration 40, train_order_acc = 100.00000,train_family_acc = 100.00000,train_species_acc = 100.00000, train_loss = 0.019612
Iteration 40,  test_order_acc = 92.99880,test_family_acc = 90.86538,test_species_acc = 88.19111, test_loss = 1.118683
max_val_acc == 88.28125

Epoch: 41
Iteration 41, train_order_acc = 100.00000,train_family_acc = 100.00000,train_species_acc = 100.00000, train_loss = 0.020116
Iteration 41,  test_order_acc = 93.11899,test_family_acc = 90.56490,test_species_acc = 88.13101, test_loss = 1.123892
max_val_acc == 88.28125

Epoch: 42
Iteration 42, train_order_acc = 100.00000,train_family_acc = 100.00000,train_species_acc = 100.00000, train_loss = 0.020028
Iteration 42,  test_order_acc = 92.90865,test_family_acc = 90.98558,test_species_acc = 88.64183, test_loss = 1.123832
max_val_acc == 88.64182692307692

Epoch: 43
Iteration 43, train_order_acc = 100.00000,train_family_acc = 100.00000,train_species_acc = 100.00000, train_loss = 0.020069
Iteration 43,  test_order_acc = 92.57812,test_family_acc = 90.92548,test_species_acc = 88.46154, test_loss = 1.124968
max_val_acc == 88.64182692307692

Epoch: 44
Iteration 44, train_order_acc = 100.00000,train_family_acc = 100.00000,train_species_acc = 100.00000, train_loss = 0.020188
Iteration 44,  test_order_acc = 92.99880,test_family_acc = 90.86538,test_species_acc = 88.25120, test_loss = 1.123899
max_val_acc == 88.64182692307692

Epoch: 45
Iteration 45, train_order_acc = 100.00000,train_family_acc = 100.00000,train_species_acc = 100.00000, train_loss = 0.020212
Iteration 45,  test_order_acc = 92.72837,test_family_acc = 90.83534,test_species_acc = 88.25120, test_loss = 1.124625
max_val_acc == 88.64182692307692

Epoch: 46
Iteration 46, train_order_acc = 100.00000,train_family_acc = 100.00000,train_species_acc = 100.00000, train_loss = 0.018805
Iteration 46,  test_order_acc = 92.84856,test_family_acc = 90.65505,test_species_acc = 88.49159, test_loss = 1.125562
max_val_acc == 88.64182692307692

Epoch: 47
Iteration 47, train_order_acc = 99.96995,train_family_acc = 100.00000,train_species_acc = 100.00000, train_loss = 0.020429
Iteration 47,  test_order_acc = 92.81851,test_family_acc = 90.83534,test_species_acc = 88.34135, test_loss = 1.121729
max_val_acc == 88.64182692307692

Epoch: 48
Iteration 48, train_order_acc = 100.00000,train_family_acc = 100.00000,train_species_acc = 100.00000, train_loss = 0.018925
Iteration 48,  test_order_acc = 92.93870,test_family_acc = 91.01562,test_species_acc = 88.46154, test_loss = 1.120938
max_val_acc == 88.64182692307692

Epoch: 49
Iteration 49, train_order_acc = 100.00000,train_family_acc = 100.00000,train_species_acc = 100.00000, train_loss = 0.019955
Iteration 49,  test_order_acc = 92.84856,test_family_acc = 90.83534,test_species_acc = 88.31130, test_loss = 1.134529
max_val_acc == 88.64182692307692

Epoch: 50
Iteration 50, train_order_acc = 100.00000,train_family_acc = 100.00000,train_species_acc = 100.00000, train_loss = 0.018373
Iteration 50,  test_order_acc = 92.84856,test_family_acc = 91.07572,test_species_acc = 88.31130, test_loss = 1.116447
max_val_acc == 88.64182692307692

Epoch: 51
Iteration 51, train_order_acc = 100.00000,train_family_acc = 100.00000,train_species_acc = 100.00000, train_loss = 0.018970
Iteration 51,  test_order_acc = 92.90865,test_family_acc = 90.98558,test_species_acc = 88.40144, test_loss = 1.118415
max_val_acc == 88.64182692307692

Epoch: 52
Iteration 52, train_order_acc = 100.00000,train_family_acc = 100.00000,train_species_acc = 100.00000, train_loss = 0.019275
Iteration 52,  test_order_acc = 93.23918,test_family_acc = 90.95553,test_species_acc = 88.22115, test_loss = 1.120052
max_val_acc == 88.64182692307692

Epoch: 53
Iteration 53, train_order_acc = 100.00000,train_family_acc = 100.00000,train_species_acc = 100.00000, train_loss = 0.018702
Iteration 53,  test_order_acc = 93.29928,test_family_acc = 91.04567,test_species_acc = 88.73197, test_loss = 1.121716
max_val_acc == 88.73197115384616

Epoch: 54
Iteration 54, train_order_acc = 100.00000,train_family_acc = 100.00000,train_species_acc = 100.00000, train_loss = 0.018075
Iteration 54,  test_order_acc = 93.11899,test_family_acc = 91.13582,test_species_acc = 88.16106, test_loss = 1.111626
max_val_acc == 88.73197115384616

Epoch: 55
Iteration 55, train_order_acc = 99.98498,train_family_acc = 100.00000,train_species_acc = 100.00000, train_loss = 0.018260
Iteration 55,  test_order_acc = 93.08894,test_family_acc = 91.01562,test_species_acc = 88.61178, test_loss = 1.116316
max_val_acc == 88.73197115384616

Epoch: 56
Iteration 56, train_order_acc = 100.00000,train_family_acc = 100.00000,train_species_acc = 100.00000, train_loss = 0.018507
Iteration 56,  test_order_acc = 93.08894,test_family_acc = 90.77524,test_species_acc = 88.34135, test_loss = 1.132134
max_val_acc == 88.73197115384616

Epoch: 57
Iteration 57, train_order_acc = 100.00000,train_family_acc = 99.92488,train_species_acc = 99.93990, train_loss = 0.024463
Iteration 57,  test_order_acc = 92.96875,test_family_acc = 90.86538,test_species_acc = 88.34135, test_loss = 1.131647
max_val_acc == 88.73197115384616

Epoch: 58
Iteration 58, train_order_acc = 100.00000,train_family_acc = 100.00000,train_species_acc = 100.00000, train_loss = 0.019550
Iteration 58,  test_order_acc = 92.96875,test_family_acc = 90.77524,test_species_acc = 88.28125, test_loss = 1.110310
max_val_acc == 88.73197115384616

Epoch: 59
Iteration 59, train_order_acc = 100.00000,train_family_acc = 99.98498,train_species_acc = 99.98498, train_loss = 0.019619
Iteration 59,  test_order_acc = 93.08894,test_family_acc = 90.83534,test_species_acc = 88.34135, test_loss = 1.107162
max_val_acc == 88.73197115384616

Epoch: 60
Iteration 60, train_order_acc = 100.00000,train_family_acc = 99.98498,train_species_acc = 99.98498, train_loss = 0.020386
Iteration 60,  test_order_acc = 93.17909,test_family_acc = 91.07572,test_species_acc = 88.46154, test_loss = 1.124236
max_val_acc == 88.73197115384616

Epoch: 61
Iteration 61, train_order_acc = 100.00000,train_family_acc = 100.00000,train_species_acc = 100.00000, train_loss = 0.018460
Iteration 61,  test_order_acc = 93.17909,test_family_acc = 90.92548,test_species_acc = 88.43149, test_loss = 1.101823
max_val_acc == 88.73197115384616

Epoch: 62
Iteration 62, train_order_acc = 99.98498,train_family_acc = 100.00000,train_species_acc = 100.00000, train_loss = 0.018098
Iteration 62,  test_order_acc = 93.23918,test_family_acc = 90.92548,test_species_acc = 88.70192, test_loss = 1.109177
max_val_acc == 88.73197115384616

Epoch: 63
Iteration 63, train_order_acc = 100.00000,train_family_acc = 100.00000,train_species_acc = 100.00000, train_loss = 0.017351
Iteration 63,  test_order_acc = 93.17909,test_family_acc = 91.10577,test_species_acc = 88.55168, test_loss = 1.103761
max_val_acc == 88.73197115384616

Epoch: 64
Iteration 64, train_order_acc = 100.00000,train_family_acc = 99.98498,train_species_acc = 99.98498, train_loss = 0.018373
Iteration 64,  test_order_acc = 93.08894,test_family_acc = 90.89543,test_species_acc = 88.10096, test_loss = 1.112969
max_val_acc == 88.73197115384616

Epoch: 65
Iteration 65, train_order_acc = 100.00000,train_family_acc = 100.00000,train_species_acc = 100.00000, train_loss = 0.017504
Iteration 65,  test_order_acc = 92.96875,test_family_acc = 91.04567,test_species_acc = 88.55168, test_loss = 1.108269
max_val_acc == 88.73197115384616

Epoch: 66
Iteration 66, train_order_acc = 100.00000,train_family_acc = 100.00000,train_species_acc = 100.00000, train_loss = 0.017106
Iteration 66,  test_order_acc = 93.20913,test_family_acc = 90.98558,test_species_acc = 88.85216, test_loss = 1.107530
max_val_acc == 88.85216346153847

Epoch: 67
Iteration 67, train_order_acc = 100.00000,train_family_acc = 100.00000,train_species_acc = 100.00000, train_loss = 0.017790
Iteration 67,  test_order_acc = 92.99880,test_family_acc = 91.04567,test_species_acc = 88.49159, test_loss = 1.100039
max_val_acc == 88.85216346153847

Epoch: 68
Iteration 68, train_order_acc = 100.00000,train_family_acc = 100.00000,train_species_acc = 100.00000, train_loss = 0.017682
Iteration 68,  test_order_acc = 93.14904,test_family_acc = 91.19591,test_species_acc = 88.79207, test_loss = 1.102935
max_val_acc == 88.85216346153847

Epoch: 69
Iteration 69, train_order_acc = 100.00000,train_family_acc = 100.00000,train_species_acc = 100.00000, train_loss = 0.017591
Iteration 69,  test_order_acc = 93.08894,test_family_acc = 91.10577,test_species_acc = 88.85216, test_loss = 1.100160
max_val_acc == 88.85216346153847

Epoch: 70
Iteration 70, train_order_acc = 100.00000,train_family_acc = 100.00000,train_species_acc = 100.00000, train_loss = 0.017219
Iteration 70,  test_order_acc = 93.32933,test_family_acc = 91.10577,test_species_acc = 89.03245, test_loss = 1.101525
max_val_acc == 89.03245192307692

Epoch: 71
Iteration 71, train_order_acc = 100.00000,train_family_acc = 100.00000,train_species_acc = 100.00000, train_loss = 0.018095
Iteration 71,  test_order_acc = 93.02885,test_family_acc = 91.10577,test_species_acc = 88.70192, test_loss = 1.099550
max_val_acc == 89.03245192307692

Epoch: 72
Iteration 72, train_order_acc = 100.00000,train_family_acc = 100.00000,train_species_acc = 100.00000, train_loss = 0.017471
Iteration 72,  test_order_acc = 93.14904,test_family_acc = 90.80529,test_species_acc = 88.46154, test_loss = 1.102048
max_val_acc == 89.03245192307692

Epoch: 73
Iteration 73, train_order_acc = 100.00000,train_family_acc = 100.00000,train_species_acc = 100.00000, train_loss = 0.016919
Iteration 73,  test_order_acc = 93.17909,test_family_acc = 91.19591,test_species_acc = 88.61178, test_loss = 1.104886
max_val_acc == 89.03245192307692

Epoch: 74
Iteration 74, train_order_acc = 100.00000,train_family_acc = 100.00000,train_species_acc = 100.00000, train_loss = 0.017170
Iteration 74,  test_order_acc = 93.11899,test_family_acc = 91.07572,test_species_acc = 88.70192, test_loss = 1.106409
max_val_acc == 89.03245192307692

Epoch: 75
Iteration 75, train_order_acc = 100.00000,train_family_acc = 100.00000,train_species_acc = 100.00000, train_loss = 0.016814
Iteration 75,  test_order_acc = 93.23918,test_family_acc = 91.10577,test_species_acc = 88.76202, test_loss = 1.099650
max_val_acc == 89.03245192307692

Epoch: 76
Iteration 76, train_order_acc = 100.00000,train_family_acc = 100.00000,train_species_acc = 100.00000, train_loss = 0.016922
Iteration 76,  test_order_acc = 93.23918,test_family_acc = 91.13582,test_species_acc = 88.61178, test_loss = 1.104097
max_val_acc == 89.03245192307692

Epoch: 77
Iteration 77, train_order_acc = 100.00000,train_family_acc = 100.00000,train_species_acc = 100.00000, train_loss = 0.017131
Iteration 77,  test_order_acc = 93.08894,test_family_acc = 90.95553,test_species_acc = 88.70192, test_loss = 1.103394
max_val_acc == 89.03245192307692

Epoch: 78
Iteration 78, train_order_acc = 100.00000,train_family_acc = 100.00000,train_species_acc = 100.00000, train_loss = 0.017482
Iteration 78,  test_order_acc = 93.23918,test_family_acc = 91.10577,test_species_acc = 88.79207, test_loss = 1.101110
max_val_acc == 89.03245192307692

Epoch: 79
Iteration 79, train_order_acc = 99.98498,train_family_acc = 100.00000,train_species_acc = 100.00000, train_loss = 0.017544
Iteration 79,  test_order_acc = 93.26923,test_family_acc = 91.31611,test_species_acc = 89.06250, test_loss = 1.096130
max_val_acc == 89.0625

Epoch: 80
Iteration 80, train_order_acc = 100.00000,train_family_acc = 100.00000,train_species_acc = 100.00000, train_loss = 0.017568
Iteration 80,  test_order_acc = 93.29928,test_family_acc = 91.10577,test_species_acc = 88.76202, test_loss = 1.097280
max_val_acc == 89.0625

Epoch: 81
Iteration 81, train_order_acc = 100.00000,train_family_acc = 100.00000,train_species_acc = 100.00000, train_loss = 0.017378
Iteration 81,  test_order_acc = 93.26923,test_family_acc = 90.98558,test_species_acc = 89.00240, test_loss = 1.091454
max_val_acc == 89.0625

Epoch: 82
Iteration 82, train_order_acc = 100.00000,train_family_acc = 100.00000,train_species_acc = 100.00000, train_loss = 0.016834
Iteration 82,  test_order_acc = 93.20913,test_family_acc = 91.19591,test_species_acc = 88.88221, test_loss = 1.095756
max_val_acc == 89.0625

Epoch: 83
Iteration 83, train_order_acc = 100.00000,train_family_acc = 100.00000,train_species_acc = 100.00000, train_loss = 0.016992
Iteration 83,  test_order_acc = 93.32933,test_family_acc = 91.13582,test_species_acc = 88.91226, test_loss = 1.093406
max_val_acc == 89.0625

Epoch: 84
Iteration 84, train_order_acc = 100.00000,train_family_acc = 100.00000,train_species_acc = 100.00000, train_loss = 0.017411
Iteration 84,  test_order_acc = 93.05889,test_family_acc = 91.13582,test_species_acc = 88.91226, test_loss = 1.099804
max_val_acc == 89.0625

Epoch: 85
Iteration 85, train_order_acc = 100.00000,train_family_acc = 100.00000,train_species_acc = 100.00000, train_loss = 0.016451
Iteration 85,  test_order_acc = 93.23918,test_family_acc = 91.19591,test_species_acc = 89.00240, test_loss = 1.095377
max_val_acc == 89.0625

Epoch: 86
Iteration 86, train_order_acc = 100.00000,train_family_acc = 100.00000,train_species_acc = 100.00000, train_loss = 0.016728
Iteration 86,  test_order_acc = 93.20913,test_family_acc = 91.10577,test_species_acc = 88.97236, test_loss = 1.091418
max_val_acc == 89.0625

Epoch: 87
Iteration 87, train_order_acc = 100.00000,train_family_acc = 100.00000,train_species_acc = 100.00000, train_loss = 0.017296
Iteration 87,  test_order_acc = 93.14904,test_family_acc = 91.10577,test_species_acc = 88.85216, test_loss = 1.096467
max_val_acc == 89.0625

Epoch: 88
Iteration 88, train_order_acc = 100.00000,train_family_acc = 100.00000,train_species_acc = 100.00000, train_loss = 0.016675
Iteration 88,  test_order_acc = 93.23918,test_family_acc = 91.31611,test_species_acc = 89.00240, test_loss = 1.103259
max_val_acc == 89.0625

Epoch: 89
Iteration 89, train_order_acc = 100.00000,train_family_acc = 100.00000,train_species_acc = 100.00000, train_loss = 0.017028
Iteration 89,  test_order_acc = 93.17909,test_family_acc = 91.01562,test_species_acc = 88.64183, test_loss = 1.099550
max_val_acc == 89.0625

Epoch: 90
Iteration 90, train_order_acc = 100.00000,train_family_acc = 100.00000,train_species_acc = 100.00000, train_loss = 0.017552
Iteration 90,  test_order_acc = 93.23918,test_family_acc = 91.04567,test_species_acc = 88.85216, test_loss = 1.095836
max_val_acc == 89.0625

Epoch: 91
Iteration 91, train_order_acc = 100.00000,train_family_acc = 100.00000,train_species_acc = 100.00000, train_loss = 0.016810
Iteration 91,  test_order_acc = 93.17909,test_family_acc = 91.04567,test_species_acc = 88.85216, test_loss = 1.098463
max_val_acc == 89.0625

Epoch: 92
Iteration 92, train_order_acc = 100.00000,train_family_acc = 100.00000,train_species_acc = 100.00000, train_loss = 0.017182
Iteration 92,  test_order_acc = 93.14904,test_family_acc = 91.07572,test_species_acc = 88.79207, test_loss = 1.108152
max_val_acc == 89.0625

Epoch: 93
Iteration 93, train_order_acc = 99.98498,train_family_acc = 100.00000,train_species_acc = 100.00000, train_loss = 0.016700
Iteration 93,  test_order_acc = 93.05889,test_family_acc = 91.10577,test_species_acc = 88.73197, test_loss = 1.102774
max_val_acc == 89.0625

Epoch: 94
Iteration 94, train_order_acc = 100.00000,train_family_acc = 100.00000,train_species_acc = 100.00000, train_loss = 0.016715
Iteration 94,  test_order_acc = 93.17909,test_family_acc = 91.07572,test_species_acc = 88.79207, test_loss = 1.100436
max_val_acc == 89.0625

Epoch: 95
Iteration 95, train_order_acc = 100.00000,train_family_acc = 100.00000,train_species_acc = 100.00000, train_loss = 0.017102
Iteration 95,  test_order_acc = 93.29928,test_family_acc = 91.13582,test_species_acc = 88.91226, test_loss = 1.096584
max_val_acc == 89.0625

Epoch: 96
Iteration 96, train_order_acc = 100.00000,train_family_acc = 100.00000,train_species_acc = 100.00000, train_loss = 0.017321
Iteration 96,  test_order_acc = 93.20913,test_family_acc = 91.16587,test_species_acc = 88.70192, test_loss = 1.095288
max_val_acc == 89.0625

Epoch: 97
Iteration 97, train_order_acc = 100.00000,train_family_acc = 100.00000,train_species_acc = 100.00000, train_loss = 0.016887
Iteration 97,  test_order_acc = 93.17909,test_family_acc = 91.07572,test_species_acc = 88.79207, test_loss = 1.099985
max_val_acc == 89.0625

Epoch: 98
Iteration 98, train_order_acc = 100.00000,train_family_acc = 100.00000,train_species_acc = 100.00000, train_loss = 0.016793
Iteration 98,  test_order_acc = 93.08894,test_family_acc = 91.04567,test_species_acc = 88.82212, test_loss = 1.092839
max_val_acc == 89.0625

Epoch: 99
Iteration 99, train_order_acc = 100.00000,train_family_acc = 100.00000,train_species_acc = 100.00000, train_loss = 0.016660
Iteration 99,  test_order_acc = 93.38942,test_family_acc = 91.01562,test_species_acc = 88.85216, test_loss = 1.099694
max_val_acc == 89.0625
